<?xml version="1.0" encoding="UTF-8"?>
<!-- Generated by org.testng.reporters.JUnitXMLReporter -->
<testsuite hostname="LAPTOP-R0G3QLHM" ignored="0" name="Default test" tests="5" failures="0" timestamp="10 Jan 2018 05:11:03 GMT" time="12.594" errors="0">
  <testcase name="signIn" time="1.077" classname="com.netflix.POM_Netflix.homepage.TC0001_VerifyLoginWithInvalidCredentails"/>
  <testcase name="verifyLoginWithInvalidCredentails" time="1.902" classname="com.netflix.POM_Netflix.homepage.TC0001_VerifyLoginWithInvalidCredentails"/>
  <testcase name="verifyLoginWithInvalidCredentails" time="1.984" classname="com.netflix.POM_Netflix.homepage.TC0001_VerifyLoginWithInvalidCredentails"/>
  <testcase name="verifyLoginWithInvalidCredentails" time="1.939" classname="com.netflix.POM_Netflix.homepage.TC0001_VerifyLoginWithInvalidCredentails"/>
  <testcase name="verifyLoginWithInvalidCredentails" time="1.887" classname="com.netflix.POM_Netflix.homepage.TC0001_VerifyLoginWithInvalidCredentails"/>
</testsuite> <!-- Default test -->
