<?xml version="1.0" encoding="UTF-8"?>
<testng-results skipped="0" failed="0" ignored="0" total="13" passed="13">
  <reporter-output>
    <line>
      <![CDATA[<a href='C:\Users\abhim\eclipse-workspace\POM_Netflix\src\main\java\com\netflix\POM_Netflix\screenshot\success_screenshots\clickLinksOnTheHomePage_11_01_2018_02_12_00.png'> <img src='C:\Users\abhim\eclipse-workspace\POM_Netflix\src\main\java\com\netflix\POM_Netflix\screenshot\success_screenshots\clickLinksOnTheHomePage_11_01_2018_02_12_00.png' height='100' width='100'/> </a>]]>
    </line>
    <line>
      <![CDATA[<a href='C:\Users\abhim\eclipse-workspace\POM_Netflix\src\main\java\com\netflix\POM_Netflix\screenshot\success_screenshots\clickLinksOnTheHomePage_11_01_2018_02_12_03.png'> <img src='C:\Users\abhim\eclipse-workspace\POM_Netflix\src\main\java\com\netflix\POM_Netflix\screenshot\success_screenshots\clickLinksOnTheHomePage_11_01_2018_02_12_03.png' height='100' width='100'/> </a>]]>
    </line>
    <line>
      <![CDATA[<a href='C:\Users\abhim\eclipse-workspace\POM_Netflix\src\main\java\com\netflix\POM_Netflix\screenshot\success_screenshots\clickLinksOnTheHomePage_11_01_2018_02_12_07.png'> <img src='C:\Users\abhim\eclipse-workspace\POM_Netflix\src\main\java\com\netflix\POM_Netflix\screenshot\success_screenshots\clickLinksOnTheHomePage_11_01_2018_02_12_07.png' height='100' width='100'/> </a>]]>
    </line>
    <line>
      <![CDATA[<a href='C:\Users\abhim\eclipse-workspace\POM_Netflix\src\main\java\com\netflix\POM_Netflix\screenshot\success_screenshots\clickLinksOnTheHomePage_11_01_2018_02_12_10.png'> <img src='C:\Users\abhim\eclipse-workspace\POM_Netflix\src\main\java\com\netflix\POM_Netflix\screenshot\success_screenshots\clickLinksOnTheHomePage_11_01_2018_02_12_10.png' height='100' width='100'/> </a>]]>
    </line>
    <line>
      <![CDATA[<a href='C:\Users\abhim\eclipse-workspace\POM_Netflix\src\main\java\com\netflix\POM_Netflix\screenshot\success_screenshots\clickLinksOnTheHomePage_11_01_2018_02_12_13.png'> <img src='C:\Users\abhim\eclipse-workspace\POM_Netflix\src\main\java\com\netflix\POM_Netflix\screenshot\success_screenshots\clickLinksOnTheHomePage_11_01_2018_02_12_13.png' height='100' width='100'/> </a>]]>
    </line>
    <line>
      <![CDATA[<a href='C:\Users\abhim\eclipse-workspace\POM_Netflix\src\main\java\com\netflix\POM_Netflix\screenshot\success_screenshots\clickLinksOnTheHomePage_11_01_2018_02_12_17.png'> <img src='C:\Users\abhim\eclipse-workspace\POM_Netflix\src\main\java\com\netflix\POM_Netflix\screenshot\success_screenshots\clickLinksOnTheHomePage_11_01_2018_02_12_17.png' height='100' width='100'/> </a>]]>
    </line>
    <line>
      <![CDATA[<a href='C:\Users\abhim\eclipse-workspace\POM_Netflix\src\main\java\com\netflix\POM_Netflix\screenshot\success_screenshots\clickLinksOnTheHomePage_11_01_2018_02_12_20.png'> <img src='C:\Users\abhim\eclipse-workspace\POM_Netflix\src\main\java\com\netflix\POM_Netflix\screenshot\success_screenshots\clickLinksOnTheHomePage_11_01_2018_02_12_20.png' height='100' width='100'/> </a>]]>
    </line>
    <line>
      <![CDATA[<a href='C:\Users\abhim\eclipse-workspace\POM_Netflix\src\main\java\com\netflix\POM_Netflix\screenshot\success_screenshots\clickLinksOnTheHomePage_11_01_2018_02_12_22.png'> <img src='C:\Users\abhim\eclipse-workspace\POM_Netflix\src\main\java\com\netflix\POM_Netflix\screenshot\success_screenshots\clickLinksOnTheHomePage_11_01_2018_02_12_22.png' height='100' width='100'/> </a>]]>
    </line>
    <line>
      <![CDATA[<a href='C:\Users\abhim\eclipse-workspace\POM_Netflix\src\main\java\com\netflix\POM_Netflix\screenshot\success_screenshots\clickLinksOnTheHomePage_11_01_2018_02_12_25.png'> <img src='C:\Users\abhim\eclipse-workspace\POM_Netflix\src\main\java\com\netflix\POM_Netflix\screenshot\success_screenshots\clickLinksOnTheHomePage_11_01_2018_02_12_25.png' height='100' width='100'/> </a>]]>
    </line>
    <line>
      <![CDATA[<a href='C:\Users\abhim\eclipse-workspace\POM_Netflix\src\main\java\com\netflix\POM_Netflix\screenshot\success_screenshots\clickLinksOnTheHomePage_11_01_2018_02_12_27.png'> <img src='C:\Users\abhim\eclipse-workspace\POM_Netflix\src\main\java\com\netflix\POM_Netflix\screenshot\success_screenshots\clickLinksOnTheHomePage_11_01_2018_02_12_27.png' height='100' width='100'/> </a>]]>
    </line>
    <line>
      <![CDATA[<a href='C:\Users\abhim\eclipse-workspace\POM_Netflix\src\main\java\com\netflix\POM_Netflix\screenshot\success_screenshots\clickLinksOnTheHomePage_11_01_2018_02_12_30.png'> <img src='C:\Users\abhim\eclipse-workspace\POM_Netflix\src\main\java\com\netflix\POM_Netflix\screenshot\success_screenshots\clickLinksOnTheHomePage_11_01_2018_02_12_30.png' height='100' width='100'/> </a>]]>
    </line>
    <line>
      <![CDATA[<a href='C:\Users\abhim\eclipse-workspace\POM_Netflix\src\main\java\com\netflix\POM_Netflix\screenshot\success_screenshots\clickLinksOnTheHomePage_11_01_2018_02_12_33.png'> <img src='C:\Users\abhim\eclipse-workspace\POM_Netflix\src\main\java\com\netflix\POM_Netflix\screenshot\success_screenshots\clickLinksOnTheHomePage_11_01_2018_02_12_33.png' height='100' width='100'/> </a>]]>
    </line>
    <line>
      <![CDATA[<a href='C:\Users\abhim\eclipse-workspace\POM_Netflix\src\main\java\com\netflix\POM_Netflix\screenshot\success_screenshots\clickLinksOnTheHomePage_11_01_2018_02_12_36.png'> <img src='C:\Users\abhim\eclipse-workspace\POM_Netflix\src\main\java\com\netflix\POM_Netflix\screenshot\success_screenshots\clickLinksOnTheHomePage_11_01_2018_02_12_36.png' height='100' width='100'/> </a>]]>
    </line>
  </reporter-output>
  <suite name="Default suite" duration-ms="45404" started-at="2018-01-11T22:11:52Z" finished-at="2018-01-11T22:12:37Z">
    <groups>
    </groups>
    <test name="Default test" duration-ms="45404" started-at="2018-01-11T22:11:52Z" finished-at="2018-01-11T22:12:37Z">
      <class name="com.netflix.POM_Netflix.homepage.TC0003_VerifyLinksOnTheHomePage">
        <test-method status="PASS" signature="init()[pri:0, instance:com.netflix.POM_Netflix.homepage.TC0003_VerifyLinksOnTheHomePage@77caeb3e]" name="init" is-config="true" duration-ms="5367" started-at="2018-01-11T14:11:52Z" finished-at="2018-01-11T14:11:57Z">
          <reporter-output>
          </reporter-output>
        </test-method> <!-- init -->
        <test-method status="PASS" signature="clickLinksOnTheHomePage(java.lang.String, java.lang.String)[pri:1, instance:com.netflix.POM_Netflix.homepage.TC0003_VerifyLinksOnTheHomePage@77caeb3e]" name="clickLinksOnTheHomePage" duration-ms="2100" started-at="2018-01-11T14:11:58Z" data-provider="links" finished-at="2018-01-11T14:12:00Z">
          <params>
            <param index="0">
              <value>
                <![CDATA[FAQ]]>
              </value>
            </param>
            <param index="1">
              <value>
                <![CDATA[//*[@id='kbArticle']/h1]]>
              </value>
            </param>
          </params>
          <reporter-output>
            <line>
              <![CDATA[<a href='C:\Users\abhim\eclipse-workspace\POM_Netflix\src\main\java\com\netflix\POM_Netflix\screenshot\success_screenshots\clickLinksOnTheHomePage_11_01_2018_02_12_00.png'> <img src='C:\Users\abhim\eclipse-workspace\POM_Netflix\src\main\java\com\netflix\POM_Netflix\screenshot\success_screenshots\clickLinksOnTheHomePage_11_01_2018_02_12_00.png' height='100' width='100'/> </a>]]>
            </line>
          </reporter-output>
        </test-method> <!-- clickLinksOnTheHomePage -->
        <test-method status="PASS" signature="clickLinksOnTheHomePage(java.lang.String, java.lang.String)[pri:1, instance:com.netflix.POM_Netflix.homepage.TC0003_VerifyLinksOnTheHomePage@77caeb3e]" name="clickLinksOnTheHomePage" duration-ms="1697" started-at="2018-01-11T14:12:02Z" data-provider="links" finished-at="2018-01-11T14:12:03Z">
          <params>
            <param index="0">
              <value>
                <![CDATA[Help Center]]>
              </value>
            </param>
            <param index="1">
              <value>
                <![CDATA[//*[@id="pageContent"]/div/div/article/h1]]>
              </value>
            </param>
          </params>
          <reporter-output>
            <line>
              <![CDATA[<a href='C:\Users\abhim\eclipse-workspace\POM_Netflix\src\main\java\com\netflix\POM_Netflix\screenshot\success_screenshots\clickLinksOnTheHomePage_11_01_2018_02_12_03.png'> <img src='C:\Users\abhim\eclipse-workspace\POM_Netflix\src\main\java\com\netflix\POM_Netflix\screenshot\success_screenshots\clickLinksOnTheHomePage_11_01_2018_02_12_03.png' height='100' width='100'/> </a>]]>
            </line>
          </reporter-output>
        </test-method> <!-- clickLinksOnTheHomePage -->
        <test-method status="PASS" signature="clickLinksOnTheHomePage(java.lang.String, java.lang.String)[pri:1, instance:com.netflix.POM_Netflix.homepage.TC0003_VerifyLinksOnTheHomePage@77caeb3e]" name="clickLinksOnTheHomePage" duration-ms="2130" started-at="2018-01-11T14:12:05Z" data-provider="links" finished-at="2018-01-11T14:12:07Z">
          <params>
            <param index="0">
              <value>
                <![CDATA[Account]]>
              </value>
            </param>
            <param index="1">
              <value>
                <![CDATA[//*[@id="appMountPoint"]/div/div[2]/div/div/h1]]>
              </value>
            </param>
          </params>
          <reporter-output>
            <line>
              <![CDATA[<a href='C:\Users\abhim\eclipse-workspace\POM_Netflix\src\main\java\com\netflix\POM_Netflix\screenshot\success_screenshots\clickLinksOnTheHomePage_11_01_2018_02_12_07.png'> <img src='C:\Users\abhim\eclipse-workspace\POM_Netflix\src\main\java\com\netflix\POM_Netflix\screenshot\success_screenshots\clickLinksOnTheHomePage_11_01_2018_02_12_07.png' height='100' width='100'/> </a>]]>
            </line>
          </reporter-output>
        </test-method> <!-- clickLinksOnTheHomePage -->
        <test-method status="PASS" signature="clickLinksOnTheHomePage(java.lang.String, java.lang.String)[pri:1, instance:com.netflix.POM_Netflix.homepage.TC0003_VerifyLinksOnTheHomePage@77caeb3e]" name="clickLinksOnTheHomePage" duration-ms="1793" started-at="2018-01-11T14:12:08Z" data-provider="links" finished-at="2018-01-11T14:12:10Z">
          <params>
            <param index="0">
              <value>
                <![CDATA[Investor Relations]]>
              </value>
            </param>
            <param index="1">
              <value>
                <![CDATA[//*[@id="block-nir-pid1695-content"]/article/h1]]>
              </value>
            </param>
          </params>
          <reporter-output>
            <line>
              <![CDATA[<a href='C:\Users\abhim\eclipse-workspace\POM_Netflix\src\main\java\com\netflix\POM_Netflix\screenshot\success_screenshots\clickLinksOnTheHomePage_11_01_2018_02_12_10.png'> <img src='C:\Users\abhim\eclipse-workspace\POM_Netflix\src\main\java\com\netflix\POM_Netflix\screenshot\success_screenshots\clickLinksOnTheHomePage_11_01_2018_02_12_10.png' height='100' width='100'/> </a>]]>
            </line>
          </reporter-output>
        </test-method> <!-- clickLinksOnTheHomePage -->
        <test-method status="PASS" signature="clickLinksOnTheHomePage(java.lang.String, java.lang.String)[pri:1, instance:com.netflix.POM_Netflix.homepage.TC0003_VerifyLinksOnTheHomePage@77caeb3e]" name="clickLinksOnTheHomePage" duration-ms="1948" started-at="2018-01-11T14:12:11Z" data-provider="links" finished-at="2018-01-11T14:12:13Z">
          <params>
            <param index="0">
              <value>
                <![CDATA[Gift Cards]]>
              </value>
            </param>
            <param index="1">
              <value>
                <![CDATA[//*[@id="appMountPoint"]/div/div[2]/div/div/div[2]/form/div[1]/button]]>
              </value>
            </param>
          </params>
          <reporter-output>
            <line>
              <![CDATA[<a href='C:\Users\abhim\eclipse-workspace\POM_Netflix\src\main\java\com\netflix\POM_Netflix\screenshot\success_screenshots\clickLinksOnTheHomePage_11_01_2018_02_12_13.png'> <img src='C:\Users\abhim\eclipse-workspace\POM_Netflix\src\main\java\com\netflix\POM_Netflix\screenshot\success_screenshots\clickLinksOnTheHomePage_11_01_2018_02_12_13.png' height='100' width='100'/> </a>]]>
            </line>
          </reporter-output>
        </test-method> <!-- clickLinksOnTheHomePage -->
        <test-method status="PASS" signature="clickLinksOnTheHomePage(java.lang.String, java.lang.String)[pri:1, instance:com.netflix.POM_Netflix.homepage.TC0003_VerifyLinksOnTheHomePage@77caeb3e]" name="clickLinksOnTheHomePage" duration-ms="2756" started-at="2018-01-11T14:12:14Z" data-provider="links" finished-at="2018-01-11T14:12:17Z">
          <params>
            <param index="0">
              <value>
                <![CDATA[Ways to Watch]]>
              </value>
            </param>
            <param index="1">
              <value>
                <![CDATA[//*[@id="video-background"]/h2]]>
              </value>
            </param>
          </params>
          <reporter-output>
            <line>
              <![CDATA[<a href='C:\Users\abhim\eclipse-workspace\POM_Netflix\src\main\java\com\netflix\POM_Netflix\screenshot\success_screenshots\clickLinksOnTheHomePage_11_01_2018_02_12_17.png'> <img src='C:\Users\abhim\eclipse-workspace\POM_Netflix\src\main\java\com\netflix\POM_Netflix\screenshot\success_screenshots\clickLinksOnTheHomePage_11_01_2018_02_12_17.png' height='100' width='100'/> </a>]]>
            </line>
          </reporter-output>
        </test-method> <!-- clickLinksOnTheHomePage -->
        <test-method status="PASS" signature="clickLinksOnTheHomePage(java.lang.String, java.lang.String)[pri:1, instance:com.netflix.POM_Netflix.homepage.TC0003_VerifyLinksOnTheHomePage@77caeb3e]" name="clickLinksOnTheHomePage" duration-ms="1221" started-at="2018-01-11T14:12:18Z" data-provider="links" finished-at="2018-01-11T14:12:20Z">
          <params>
            <param index="0">
              <value>
                <![CDATA[Terms of Use]]>
              </value>
            </param>
            <param index="1">
              <value>
                <![CDATA[//*[@id="pageContent"]/div/section/div/h1]]>
              </value>
            </param>
          </params>
          <reporter-output>
            <line>
              <![CDATA[<a href='C:\Users\abhim\eclipse-workspace\POM_Netflix\src\main\java\com\netflix\POM_Netflix\screenshot\success_screenshots\clickLinksOnTheHomePage_11_01_2018_02_12_20.png'> <img src='C:\Users\abhim\eclipse-workspace\POM_Netflix\src\main\java\com\netflix\POM_Netflix\screenshot\success_screenshots\clickLinksOnTheHomePage_11_01_2018_02_12_20.png' height='100' width='100'/> </a>]]>
            </line>
          </reporter-output>
        </test-method> <!-- clickLinksOnTheHomePage -->
        <test-method status="PASS" signature="clickLinksOnTheHomePage(java.lang.String, java.lang.String)[pri:1, instance:com.netflix.POM_Netflix.homepage.TC0003_VerifyLinksOnTheHomePage@77caeb3e]" name="clickLinksOnTheHomePage" duration-ms="1194" started-at="2018-01-11T14:12:21Z" data-provider="links" finished-at="2018-01-11T14:12:22Z">
          <params>
            <param index="0">
              <value>
                <![CDATA[Privacy]]>
              </value>
            </param>
            <param index="1">
              <value>
                <![CDATA[//*[@id="pageContent"]/div/section/div/h1]]>
              </value>
            </param>
          </params>
          <reporter-output>
            <line>
              <![CDATA[<a href='C:\Users\abhim\eclipse-workspace\POM_Netflix\src\main\java\com\netflix\POM_Netflix\screenshot\success_screenshots\clickLinksOnTheHomePage_11_01_2018_02_12_22.png'> <img src='C:\Users\abhim\eclipse-workspace\POM_Netflix\src\main\java\com\netflix\POM_Netflix\screenshot\success_screenshots\clickLinksOnTheHomePage_11_01_2018_02_12_22.png' height='100' width='100'/> </a>]]>
            </line>
          </reporter-output>
        </test-method> <!-- clickLinksOnTheHomePage -->
        <test-method status="PASS" signature="clickLinksOnTheHomePage(java.lang.String, java.lang.String)[pri:1, instance:com.netflix.POM_Netflix.homepage.TC0003_VerifyLinksOnTheHomePage@77caeb3e]" name="clickLinksOnTheHomePage" duration-ms="1316" started-at="2018-01-11T14:12:23Z" data-provider="links" finished-at="2018-01-11T14:12:25Z">
          <params>
            <param index="0">
              <value>
                <![CDATA[Cookie Preferences]]>
              </value>
            </param>
            <param index="1">
              <value>
                <![CDATA[//*[@id="cookies"]]]>
              </value>
            </param>
          </params>
          <reporter-output>
            <line>
              <![CDATA[<a href='C:\Users\abhim\eclipse-workspace\POM_Netflix\src\main\java\com\netflix\POM_Netflix\screenshot\success_screenshots\clickLinksOnTheHomePage_11_01_2018_02_12_25.png'> <img src='C:\Users\abhim\eclipse-workspace\POM_Netflix\src\main\java\com\netflix\POM_Netflix\screenshot\success_screenshots\clickLinksOnTheHomePage_11_01_2018_02_12_25.png' height='100' width='100'/> </a>]]>
            </line>
          </reporter-output>
        </test-method> <!-- clickLinksOnTheHomePage -->
        <test-method status="PASS" signature="clickLinksOnTheHomePage(java.lang.String, java.lang.String)[pri:1, instance:com.netflix.POM_Netflix.homepage.TC0003_VerifyLinksOnTheHomePage@77caeb3e]" name="clickLinksOnTheHomePage" duration-ms="1245" started-at="2018-01-11T14:12:26Z" data-provider="links" finished-at="2018-01-11T14:12:27Z">
          <params>
            <param index="0">
              <value>
                <![CDATA[Corporate Information]]>
              </value>
            </param>
            <param index="1">
              <value>
                <![CDATA[//*[@id="kbArticle"]/h1]]>
              </value>
            </param>
          </params>
          <reporter-output>
            <line>
              <![CDATA[<a href='C:\Users\abhim\eclipse-workspace\POM_Netflix\src\main\java\com\netflix\POM_Netflix\screenshot\success_screenshots\clickLinksOnTheHomePage_11_01_2018_02_12_27.png'> <img src='C:\Users\abhim\eclipse-workspace\POM_Netflix\src\main\java\com\netflix\POM_Netflix\screenshot\success_screenshots\clickLinksOnTheHomePage_11_01_2018_02_12_27.png' height='100' width='100'/> </a>]]>
            </line>
          </reporter-output>
        </test-method> <!-- clickLinksOnTheHomePage -->
        <test-method status="PASS" signature="clickLinksOnTheHomePage(java.lang.String, java.lang.String)[pri:1, instance:com.netflix.POM_Netflix.homepage.TC0003_VerifyLinksOnTheHomePage@77caeb3e]" name="clickLinksOnTheHomePage" duration-ms="1565" started-at="2018-01-11T14:12:29Z" data-provider="links" finished-at="2018-01-11T14:12:30Z">
          <params>
            <param index="0">
              <value>
                <![CDATA[Contact Us]]>
              </value>
            </param>
            <param index="1">
              <value>
                <![CDATA[//*[@id="pageContent"]/div[2]/div]]>
              </value>
            </param>
          </params>
          <reporter-output>
            <line>
              <![CDATA[<a href='C:\Users\abhim\eclipse-workspace\POM_Netflix\src\main\java\com\netflix\POM_Netflix\screenshot\success_screenshots\clickLinksOnTheHomePage_11_01_2018_02_12_30.png'> <img src='C:\Users\abhim\eclipse-workspace\POM_Netflix\src\main\java\com\netflix\POM_Netflix\screenshot\success_screenshots\clickLinksOnTheHomePage_11_01_2018_02_12_30.png' height='100' width='100'/> </a>]]>
            </line>
          </reporter-output>
        </test-method> <!-- clickLinksOnTheHomePage -->
        <test-method status="PASS" signature="clickLinksOnTheHomePage(java.lang.String, java.lang.String)[pri:1, instance:com.netflix.POM_Netflix.homepage.TC0003_VerifyLinksOnTheHomePage@77caeb3e]" name="clickLinksOnTheHomePage" duration-ms="1054" started-at="2018-01-11T14:12:32Z" data-provider="links" finished-at="2018-01-11T14:12:33Z">
          <params>
            <param index="0">
              <value>
                <![CDATA[Speed Test]]>
              </value>
            </param>
            <param index="1">
              <value>
                <![CDATA[/html/body/div/div[1]/div]]>
              </value>
            </param>
          </params>
          <reporter-output>
            <line>
              <![CDATA[<a href='C:\Users\abhim\eclipse-workspace\POM_Netflix\src\main\java\com\netflix\POM_Netflix\screenshot\success_screenshots\clickLinksOnTheHomePage_11_01_2018_02_12_33.png'> <img src='C:\Users\abhim\eclipse-workspace\POM_Netflix\src\main\java\com\netflix\POM_Netflix\screenshot\success_screenshots\clickLinksOnTheHomePage_11_01_2018_02_12_33.png' height='100' width='100'/> </a>]]>
            </line>
          </reporter-output>
        </test-method> <!-- clickLinksOnTheHomePage -->
        <test-method status="PASS" signature="clickLinksOnTheHomePage(java.lang.String, java.lang.String)[pri:1, instance:com.netflix.POM_Netflix.homepage.TC0003_VerifyLinksOnTheHomePage@77caeb3e]" name="clickLinksOnTheHomePage" duration-ms="1839" started-at="2018-01-11T14:12:34Z" data-provider="links" finished-at="2018-01-11T14:12:36Z">
          <params>
            <param index="0">
              <value>
                <![CDATA[Netflix Originals]]>
              </value>
            </param>
            <param index="1">
              <value>
                <![CDATA[//*[@id="appMountPoint"]/div/div[2]/h1]]>
              </value>
            </param>
          </params>
          <reporter-output>
            <line>
              <![CDATA[<a href='C:\Users\abhim\eclipse-workspace\POM_Netflix\src\main\java\com\netflix\POM_Netflix\screenshot\success_screenshots\clickLinksOnTheHomePage_11_01_2018_02_12_36.png'> <img src='C:\Users\abhim\eclipse-workspace\POM_Netflix\src\main\java\com\netflix\POM_Netflix\screenshot\success_screenshots\clickLinksOnTheHomePage_11_01_2018_02_12_36.png' height='100' width='100'/> </a>]]>
            </line>
          </reporter-output>
        </test-method> <!-- clickLinksOnTheHomePage -->
        <test-method status="PASS" signature="close()[pri:0, instance:com.netflix.POM_Netflix.homepage.TC0003_VerifyLinksOnTheHomePage@77caeb3e]" name="close" is-config="true" duration-ms="111" started-at="2018-01-11T14:12:37Z" finished-at="2018-01-11T14:12:37Z">
          <reporter-output>
          </reporter-output>
        </test-method> <!-- close -->
      </class> <!-- com.netflix.POM_Netflix.homepage.TC0003_VerifyLinksOnTheHomePage -->
    </test> <!-- Default test -->
  </suite> <!-- Default suite -->
</testng-results>
